# JRE version: OpenJDK Runtime Environment (17.0.10) (build 17.0.10+0--11572160)
# Java VM: OpenJDK 64-Bit Server VM (17.0.10+0--11572160, mixed mode, tiered, compressed oops, compressed class ptrs, g1 gc, windows-amd64)
GC Precious Log:
 CPUs: 8 total, 8 available
 Memory: 7872M
 Large Page Support: Disabled
 NUMA Support: Disabled
 Compressed Oops: Enabled (32-bit)
 Heap Region Size: 1M
 Heap Min Capacity: 8M
 Heap Initial Capacity: 124M
 Heap Max Capacity: 2G
 Pre-touch: Disabled
 Parallel Workers: 8
 Concurrent Workers: 2
 Concurrent Refinement Workers: 8
 Periodic GC: Disabled
Heap:
 garbage-first heap   total 399360K, used 325214K [0x0000000080000000, 0x0000000100000000)
  region size 1024K, 195 young (199680K), 14 survivors (14336K)
 Metaspace       used 151853K, committed 152640K, reserved 1245184K
  class space    used 19235K, committed 19648K, reserved 1048576K
GC Heap History (20 events):
Event: 86.380 GC heap before
{Heap before GC invocations=101 (full 0):
 garbage-first heap   total 465920K, used 372417K [0x0000000080000000, 0x0000000100000000)
  region size 1024K, 273 young (279552K), 10 survivors (10240K)
 Metaspace       used 63458K, committed 64000K, reserved 1114112K
  class space    used 8351K, committed 8576K, reserved 1048576K
}
Event: 86.387 GC heap after
{Heap after GC invocations=102 (full 0):
 garbage-first heap   total 465920K, used 106618K [0x0000000080000000, 0x0000000100000000)
  region size 1024K, 12 young (12288K), 12 survivors (12288K)
 Metaspace       used 63458K, committed 64000K, reserved 1114112K
  class space    used 8351K, committed 8576K, reserved 1048576K
}
Event: 86.945 GC heap before
{Heap before GC invocations=102 (full 0):
 garbage-first heap   total 465920K, used 380026K [0x0000000080000000, 0x0000000100000000)
  region size 1024K, 273 young (279552K), 12 survivors (12288K)
 Metaspace       used 63465K, committed 64000K, reserved 1114112K
  class space    used 8353K, committed 8576K, reserved 1048576K
}
Event: 86.949 GC heap after
{Heap after GC invocations=103 (full 0):
 garbage-first heap   total 465920K, used 93230K [0x0000000080000000, 0x0000000100000000)
  region size 1024K, 5 young (5120K), 5 survivors (5120K)
 Metaspace       used 63465K, committed 64000K, reserved 1114112K
  class space    used 8353K, committed 8576K, reserved 1048576K
}
Event: 88.762 GC heap before
{Heap before GC invocations=103 (full 0):
 garbage-first heap   total 465920K, used 368686K [0x0000000080000000, 0x0000000100000000)
  region size 1024K, 273 young (279552K), 5 survivors (5120K)
 Metaspace       used 77268K, committed 77888K, reserved 1179648K
  class space    used 10583K, committed 10880K, reserved 1048576K
}
Event: 88.768 GC heap after
{Heap after GC invocations=104 (full 0):
 garbage-first heap   total 465920K, used 95201K [0x0000000080000000, 0x0000000100000000)
  region size 1024K, 7 young (7168K), 7 survivors (7168K)
 Metaspace       used 77268K, committed 77888K, reserved 1179648K
  class space    used 10583K, committed 10880K, reserved 1048576K
}
Event: 91.160 GC heap before
{Heap before GC invocations=104 (full 0):
 garbage-first heap   total 465920K, used 276449K [0x0000000080000000, 0x0000000100000000)
  region size 1024K, 171 young (175104K), 7 survivors (7168K)
 Metaspace       used 94036K, committed 94656K, reserved 1179648K
  class space    used 12490K, committed 12800K, reserved 1048576K
}
Event: 91.178 GC heap after
{Heap after GC invocations=105 (full 0):
 garbage-first heap   total 465920K, used 118649K [0x0000000080000000, 0x0000000100000000)
  region size 1024K, 22 young (22528K), 22 survivors (22528K)
 Metaspace       used 94036K, committed 94656K, reserved 1179648K
  class space    used 12490K, committed 12800K, reserved 1048576K
}
Event: 94.546 GC heap before
{Heap before GC invocations=106 (full 0):
 garbage-first heap   total 399360K, used 334713K [0x0000000080000000, 0x0000000100000000)
  region size 1024K, 234 young (239616K), 22 survivors (22528K)
 Metaspace       used 115245K, committed 115840K, reserved 1179648K
  class space    used 14875K, committed 15168K, reserved 1048576K
}
Event: 94.565 GC heap after
{Heap after GC invocations=107 (full 0):
 garbage-first heap   total 399360K, used 126726K [0x0000000080000000, 0x0000000100000000)
  region size 1024K, 14 young (14336K), 14 survivors (14336K)
 Metaspace       used 115245K, committed 115840K, reserved 1179648K
  class space    used 14875K, committed 15168K, reserved 1048576K
}
Event: 94.632 GC heap before
{Heap before GC invocations=107 (full 0):
 garbage-first heap   total 399360K, used 131846K [0x0000000080000000, 0x0000000100000000)
  region size 1024K, 19 young (19456K), 14 survivors (14336K)
 Metaspace       used 115925K, committed 116480K, reserved 1179648K
  class space    used 14973K, committed 15232K, reserved 1048576K
}
Event: 94.639 GC heap after
{Heap after GC invocations=108 (full 0):
 garbage-first heap   total 399360K, used 125593K [0x0000000080000000, 0x0000000100000000)
  region size 1024K, 3 young (3072K), 3 survivors (3072K)
 Metaspace       used 115925K, committed 116480K, reserved 1179648K
  class space    used 14973K, committed 15232K, reserved 1048576K
}
Event: 96.724 GC heap before
{Heap before GC invocations=108 (full 0):
 garbage-first heap   total 399360K, used 331417K [0x0000000080000000, 0x0000000100000000)
  region size 1024K, 203 young (207872K), 3 survivors (3072K)
 Metaspace       used 126561K, committed 127232K, reserved 1179648K
  class space    used 16199K, committed 16512K, reserved 1048576K
}
Event: 96.728 GC heap after
{Heap after GC invocations=109 (full 0):
 garbage-first heap   total 399360K, used 126030K [0x0000000080000000, 0x0000000100000000)
  region size 1024K, 3 young (3072K), 3 survivors (3072K)
 Metaspace       used 126561K, committed 127232K, reserved 1179648K
  class space    used 16199K, committed 16512K, reserved 1048576K
}
Event: 100.322 GC heap before
{Heap before GC invocations=109 (full 0):
 garbage-first heap   total 399360K, used 334926K [0x0000000080000000, 0x0000000100000000)
  region size 1024K, 207 young (211968K), 3 survivors (3072K)
 Metaspace       used 140377K, committed 141120K, reserved 1179648K
  class space    used 17993K, committed 18368K, reserved 1048576K
}
Event: 100.330 GC heap after
{Heap after GC invocations=110 (full 0):
 garbage-first heap   total 399360K, used 131769K [0x0000000080000000, 0x0000000100000000)
  region size 1024K, 9 young (9216K), 9 survivors (9216K)
 Metaspace       used 140377K, committed 141120K, reserved 1179648K
  class space    used 17993K, committed 18368K, reserved 1048576K
}
Event: 127.956 GC heap before
{Heap before GC invocations=110 (full 0):
 garbage-first heap   total 399360K, used 334521K [0x0000000080000000, 0x0000000100000000)
  region size 1024K, 208 young (212992K), 9 survivors (9216K)
 Metaspace       used 151672K, committed 152448K, reserved 1245184K
  class space    used 19230K, committed 19648K, reserved 1048576K
}
Event: 127.969 GC heap after
{Heap after GC invocations=111 (full 0):
 garbage-first heap   total 399360K, used 138870K [0x0000000080000000, 0x0000000100000000)
  region size 1024K, 16 young (16384K), 16 survivors (16384K)
 Metaspace       used 151672K, committed 152448K, reserved 1245184K
  class space    used 19230K, committed 19648K, reserved 1048576K
}
Event: 136.870 GC heap before
{Heap before GC invocations=111 (full 0):
 garbage-first heap   total 399360K, used 335478K [0x0000000080000000, 0x0000000100000000)
  region size 1024K, 208 young (212992K), 16 survivors (16384K)
 Metaspace       used 151848K, committed 152640K, reserved 1245184K
  class space    used 19235K, committed 19648K, reserved 1048576K
}
Event: 136.881 GC heap after
{Heap after GC invocations=112 (full 0):
 garbage-first heap   total 399360K, used 141918K [0x0000000080000000, 0x0000000100000000)
  region size 1024K, 14 young (14336K), 14 survivors (14336K)
 Metaspace       used 151848K, committed 152640K, reserved 1245184K
  class space    used 19235K, committed 19648K, reserved 1048576K
}

